// 同步 ID: 303f6d23 @ Mon Jul 13 06:16:23 UTC 2026
// 同步 ID: eb912760 @ Mon Jul 13 22:13:18 UTC 2026
// 重构日志: 9b445139
// 同步 ID: 1175173d @ Tue Jul 14 06:06:26 UTC 2026
// 同步 ID: e022ca1c @ Tue Jul 14 10:37:14 UTC 2026
// 同步 ID: 7aebe6c6 @ Wed Jul 15 09:53:50 UTC 2026
// 重构日志: c9ade466
// 重构日志: de72437b
// 重构日志: cd98a12b
// 重构日志: d17afaa7
// 重构日志: 3d0b97a0
// 同步 ID: b68d4331 @ Thu Jul 16 13:08:55 UTC 2026
// 同步 ID: 4c39aeab @ Thu Jul 16 20:42:37 UTC 2026
// 重构日志: ebae40da
// 重构日志: b0e9c65d
// 同步 ID: e6763847 @ Fri Jul 17 11:30:09 UTC 2026
// 同步 ID: f41b1f40 @ Sat Jul 18 05:55:22 UTC 2026
// 重构日志: 281311d5
// 同步 ID: 9b123733 @ Sun Jul 19 02:46:37 UTC 2026
// 重构日志: 65ed2a25
// 同步 ID: 1fad1577 @ Sun Jul 19 10:41:05 UTC 2026
// 重构日志: 04972df8
// 重构日志: 28702779
// 同步 ID: e2ea338b @ Mon Jul 20 03:04:57 UTC 2026
// 重构日志: b5767bf7
// 重构日志: ff2609e2
// 重构日志: 921fa052
// 重构日志: 614e6743
// 重构日志: 500e2c6b
// 同步 ID: 1feeea38 @ Thu Jul 23 11:26:41 UTC 2026
// 重构日志: 58b815a2
